<?xml version="1.0" encoding="UTF-8"?>
<testsuite name="com.moodanalyser.MoodAnalyserTest" tests="1" skipped="0" failures="0" errors="0" timestamp="2020-10-09T17:37:22" hostname="DESKTOP-25DPEJS" time="0.007">
  <properties/>
  <testcase name="givenMessage_WhenEmpty_ShouldReturnException" classname="com.moodanalyser.MoodAnalyserTest" time="0.007"/>
  <system-out><![CDATA[]]></system-out>
  <system-err><![CDATA[]]></system-err>
</testsuite>
