<?xml version="1.0" encoding="UTF-8"?>
<testsuite name="com.moodanalyser.MoodAnalyserException" tests="5" skipped="0" failures="0" errors="0" timestamp="2020-10-08T10:00:21" hostname="DESKTOP-25DPEJS" time="0.018">
  <properties/>
  <testcase name="givenMessage_WhenAny_ShouldReturnHappy" classname="com.moodanalyser.MoodAnalyserException" time="0.005"/>
  <testcase name="givenMessage_WhenSad_ShouldReturnSad" classname="com.moodanalyser.MoodAnalyserException" time="0.001"/>
  <testcase name="givenMessage_WhenHappy_ShouldReturnHappy" classname="com.moodanalyser.MoodAnalyserException" time="0.002"/>
  <testcase name="givenMessage_WhenSadMood_ShouldReturnSad" classname="com.moodanalyser.MoodAnalyserException" time="0.0"/>
  <testcase name="givenMessage_WhenHappyMood_ShouldReturnSad" classname="com.moodanalyser.MoodAnalyserException" time="0.001"/>
  <system-out><![CDATA[]]></system-out>
  <system-err><![CDATA[]]></system-err>
</testsuite>
