<?xml version="1.0" encoding="UTF-8"?>
<testsuite name="com.moodanalyser.MoodAnalyserException" tests="2" skipped="0" failures="0" errors="0" timestamp="2020-10-07T17:55:55" hostname="DESKTOP-25DPEJS" time="0.018">
  <properties/>
  <testcase name="givenMessage_WhenSad_ShouldReturnSad" classname="com.moodanalyser.MoodAnalyserException" time="0.007"/>
  <testcase name="givenMessage_WhenHappy_ShouldReturnHappy" classname="com.moodanalyser.MoodAnalyserException" time="0.003"/>
  <system-out><![CDATA[]]></system-out>
  <system-err><![CDATA[]]></system-err>
</testsuite>
