<?xml version="1.0" encoding="UTF-8"?>
<testsuite name="com.moodanalyser.MoodAnalyserException" tests="3" skipped="0" failures="0" errors="0" timestamp="2020-10-08T18:21:29" hostname="DESKTOP-25DPEJS" time="0.021">
  <properties/>
  <testcase name="givenMessage_WhenAny_ShouldReturnHappy" classname="com.moodanalyser.MoodAnalyserException" time="0.006"/>
  <testcase name="givenMessage_WhenSad_ShouldReturnSad" classname="com.moodanalyser.MoodAnalyserException" time="0.002"/>
  <testcase name="givenMessage_WhenHappy_ShouldReturnHappy" classname="com.moodanalyser.MoodAnalyserException" time="0.002"/>
  <system-out><![CDATA[]]></system-out>
  <system-err><![CDATA[]]></system-err>
</testsuite>
