<?xml version="1.0" encoding="UTF-8"?>
<testsuite name="com.moodanalyser.MoodAnalyserException" tests="6" skipped="0" failures="0" errors="0" timestamp="2020-10-08T19:02:18" hostname="DESKTOP-25DPEJS" time="0.046">
  <properties/>
  <testcase name="givenMessage_WhenAny_ShouldReturnHappy" classname="com.moodanalyser.MoodAnalyserException" time="0.005"/>
  <testcase name="givenMessage_WhenSad_ShouldReturnSad" classname="com.moodanalyser.MoodAnalyserException" time="0.004"/>
  <testcase name="givenMessage_WhenHappy_ShouldReturnHappy" classname="com.moodanalyser.MoodAnalyserException" time="0.003"/>
  <testcase name="givenMessage_WhenSadMood_ShouldReturnSad" classname="com.moodanalyser.MoodAnalyserException" time="0.011"/>
  <testcase name="givenMessage_WhenNull_ShouldReturnHappy" classname="com.moodanalyser.MoodAnalyserException" time="0.0"/>
  <testcase name="givenMessage_WhenHappyMood_ShouldReturnSad" classname="com.moodanalyser.MoodAnalyserException" time="0.0"/>
  <system-out><![CDATA[]]></system-out>
  <system-err><![CDATA[]]></system-err>
</testsuite>
