<?xml version="1.0" encoding="UTF-8"?>
<<<<<<< HEAD
<testsuite name="com.moodanalyser.MoodAnalyserException" tests="1" skipped="0" failures="0" errors="0" timestamp="2020-10-08T05:06:37" hostname="DESKTOP-25DPEJS" time="0.009">
  <properties/>
  <testcase name="givenMessage_WhenHappy_ShouldReturnHappy" classname="com.moodanalyser.MoodAnalyserException" time="0.009"/>
=======
<testsuite name="com.moodanalyser.MoodAnalyserException" tests="1" skipped="0" failures="0" errors="0" timestamp="2020-10-08T09:40:53" hostname="DESKTOP-25DPEJS" time="0.006">
  <properties/>
  <testcase name="givenMessage_WhenAny_ShouldReturnHappy" classname="com.moodanalyser.MoodAnalyserException" time="0.006"/>
>>>>>>> 3cc101ae5278ad91c92bbbc3c051fb561042bca9
  <system-out><![CDATA[]]></system-out>
  <system-err><![CDATA[]]></system-err>
</testsuite>
